<?xml version="1.0" encoding="UTF-8"?>
<testng-results ignored="0" total="1" passed="1" failed="0" skipped="0">
  <reporter-output>
    <line>
      <![CDATA[test execution happening in : qa]]>
    </line>
    <line>
      <![CDATA[test execution happening in : chrome]]>
    </line>
    <line>
      <![CDATA[Element highlighted]]>
    </line>
    <line>
      <![CDATA[value attribute value : pratyushmohanty2004@gmail.com]]>
    </line>
    <line>
      <![CDATA[Element highlighted]]>
    </line>
    <line>
      <![CDATA[value attribute value : Pratyush123]]>
    </line>
    <line>
      <![CDATA[Element highlighted]]>
    </line>
  </reporter-output>
  <suite started-at="2026-03-16T13:05:53 IST" name="Suite" finished-at="2026-03-16T13:05:58 IST" duration-ms="5534">
    <groups>
    </groups>
    <test started-at="2026-03-16T13:05:53 IST" name="Test" finished-at="2026-03-16T13:05:58 IST" duration-ms="5534">
      <class name="com.actitime.tests.TC_001">
        <test-method is-config="true" signature="testEnvironment()[pri:0, instance:com.actitime.tests.TC_001@402bba4f]" started-at="2026-03-16T13:05:53 IST" name="testEnvironment" finished-at="2026-03-16T13:05:53 IST" duration-ms="8" status="PASS">
          <reporter-output>
            <line>
              <![CDATA[test execution happening in : qa]]>
            </line>
          </reporter-output>
        </test-method> <!-- testEnvironment -->
        <test-method is-config="true" signature="setup()[pri:0, instance:com.actitime.tests.TC_001@402bba4f]" started-at="2026-03-16T13:05:53 IST" name="setup" finished-at="2026-03-16T13:05:58 IST" duration-ms="4913" status="PASS">
          <reporter-output>
            <line>
              <![CDATA[test execution happening in : chrome]]>
            </line>
          </reporter-output>
        </test-method> <!-- setup -->
        <test-method signature="login()[pri:0, instance:com.actitime.tests.TC_001@402bba4f]" started-at="2026-03-16T13:05:58 IST" name="login" finished-at="2026-03-16T13:05:58 IST" duration-ms="425" status="PASS">
          <reporter-output>
            <line>
              <![CDATA[Element highlighted]]>
            </line>
            <line>
              <![CDATA[value attribute value : pratyushmohanty2004@gmail.com]]>
            </line>
            <line>
              <![CDATA[Element highlighted]]>
            </line>
            <line>
              <![CDATA[value attribute value : Pratyush123]]>
            </line>
            <line>
              <![CDATA[Element highlighted]]>
            </line>
          </reporter-output>
        </test-method> <!-- login -->
        <test-method is-config="true" signature="teardown()[pri:0, instance:com.actitime.tests.TC_001@402bba4f]" started-at="2026-03-16T13:05:58 IST" name="teardown" finished-at="2026-03-16T13:05:58 IST" duration-ms="170" status="PASS">
          <reporter-output>
          </reporter-output>
        </test-method> <!-- teardown -->
      </class> <!-- com.actitime.tests.TC_001 -->
    </test> <!-- Test -->
  </suite> <!-- Suite -->
</testng-results>
