<?xml version="1.0" encoding="UTF-8"?>
<testng-results ignored="0" total="1" passed="1" failed="0" skipped="0">
  <reporter-output>
    <line>
      <![CDATA[test execution happening in : qa]]>
    </line>
    <line>
      <![CDATA[username attribute value is matching]]>
    </line>
    <line>
      <![CDATA[password attribute value is matching]]>
    </line>
  </reporter-output>
  <suite started-at="2026-03-14T14:45:19 IST" name="Suite" finished-at="2026-03-14T14:46:30 IST" duration-ms="71183">
    <groups>
    </groups>
    <test started-at="2026-03-14T14:45:19 IST" name="Test" finished-at="2026-03-14T14:46:30 IST" duration-ms="71183">
      <class name="com.actitime.tests.TC_001">
        <test-method is-config="true" signature="testEnvironment()[pri:0, instance:com.actitime.tests.TC_001@702657cc]" started-at="2026-03-14T14:45:19 IST" name="testEnvironment" finished-at="2026-03-14T14:45:19 IST" duration-ms="15" status="PASS">
          <reporter-output>
            <line>
              <![CDATA[test execution happening in : qa]]>
            </line>
          </reporter-output>
        </test-method> <!-- testEnvironment -->
        <test-method is-config="true" signature="setup()[pri:0, instance:com.actitime.tests.TC_001@702657cc]" started-at="2026-03-14T14:45:19 IST" name="setup" finished-at="2026-03-14T14:46:29 IST" duration-ms="69871" status="PASS">
          <reporter-output>
          </reporter-output>
        </test-method> <!-- setup -->
        <test-method signature="login()[pri:0, instance:com.actitime.tests.TC_001@702657cc]" started-at="2026-03-14T14:46:29 IST" name="login" finished-at="2026-03-14T14:46:30 IST" duration-ms="999" status="PASS">
          <reporter-output>
            <line>
              <![CDATA[username attribute value is matching]]>
            </line>
            <line>
              <![CDATA[password attribute value is matching]]>
            </line>
          </reporter-output>
        </test-method> <!-- login -->
        <test-method is-config="true" signature="teardown()[pri:0, instance:com.actitime.tests.TC_001@702657cc]" started-at="2026-03-14T14:46:30 IST" name="teardown" finished-at="2026-03-14T14:46:30 IST" duration-ms="257" status="PASS">
          <reporter-output>
          </reporter-output>
        </test-method> <!-- teardown -->
      </class> <!-- com.actitime.tests.TC_001 -->
    </test> <!-- Test -->
  </suite> <!-- Suite -->
</testng-results>
