<?xml version="1.0" encoding="UTF-8"?>
<!-- Generated by org.testng.reporters.JUnitReportReporter -->
<testsuite hostname="DESKTOP-56C0EHH" failures="0" tests="1" name="com.actitime.tests.TC_001" time="0.999" errors="0" timestamp="2026-03-14T14:46:31 IST" skipped="0">
  <testcase classname="com.actitime.tests.TC_001" name="login" time="0.999">
    <system-out>
      <![CDATA[username attribute value is matching
password attribute value is matching]]>
    </system-out>
  </testcase> <!-- login -->
  <system-out>
    <![CDATA[test execution happening in : qa
username attribute value is matching
password attribute value is matching]]>
  </system-out>
</testsuite> <!-- com.actitime.tests.TC_001 -->
