<?xml version="1.0" encoding="UTF-8"?>
<!-- Generated by org.testng.reporters.JUnitReportReporter -->
<testsuite hostname="DESKTOP-56C0EHH" failures="0" tests="1" name="com.actitime.tests.TC_001" time="0.425" errors="0" timestamp="2026-03-16T13:05:59 IST" skipped="0">
  <testcase classname="com.actitime.tests.TC_001" name="login" time="0.425">
    <system-out>
      <![CDATA[Element highlighted
value attribute value : pratyushmohanty2004@gmail.com
Element highlighted
value attribute value : Pratyush123
Element highlighted]]>
    </system-out>
  </testcase> <!-- login -->
  <system-out>
    <![CDATA[test execution happening in : qa
test execution happening in : chrome
Element highlighted
value attribute value : pratyushmohanty2004@gmail.com
Element highlighted
value attribute value : Pratyush123
Element highlighted]]>
  </system-out>
</testsuite> <!-- com.actitime.tests.TC_001 -->
